<?xml version="1.0" encoding="UTF-8"?>
<testng-results skipped="0" failed="0" ignored="0" total="2" passed="2">
  <reporter-output>
  </reporter-output>
  <suite name="Suite" duration-ms="25819" started-at="2017-06-24T10:14:18Z" finished-at="2017-06-24T10:14:44Z">
    <groups>
    </groups>
    <test name="Test1" duration-ms="25819" started-at="2017-06-24T10:14:18Z" finished-at="2017-06-24T10:14:44Z">
      <class name="com.mushishi.selenium.testCase.SuiteTestBuy">
        <test-method status="PASS" signature="beforeClass()[pri:0, instance:com.mushishi.selenium.testCase.SuiteTestBuy@42e26948]" name="beforeClass" is-config="true" duration-ms="8870" started-at="2017-06-24T18:14:31Z" finished-at="2017-06-24T18:14:40Z">
          <reporter-output>
          </reporter-output>
        </test-method> <!-- beforeClass -->
        <test-method status="PASS" signature="testBuy()[pri:0, instance:com.mushishi.selenium.testCase.SuiteTestBuy@42e26948]" name="testBuy" duration-ms="3630" started-at="2017-06-24T18:14:40Z" finished-at="2017-06-24T18:14:43Z">
          <reporter-output>
          </reporter-output>
        </test-method> <!-- testBuy -->
        <test-method status="PASS" signature="afterClass()[pri:0, instance:com.mushishi.selenium.testCase.SuiteTestBuy@42e26948]" name="afterClass" is-config="true" duration-ms="218" started-at="2017-06-24T18:14:43Z" finished-at="2017-06-24T18:14:44Z">
          <reporter-output>
          </reporter-output>
        </test-method> <!-- afterClass -->
      </class> <!-- com.mushishi.selenium.testCase.SuiteTestBuy -->
      <class name="com.mushishi.selenium.testCase.SuiteTestLogin">
        <test-method status="PASS" signature="beforeClass()[pri:0, instance:com.mushishi.selenium.testCase.SuiteTestLogin@1794d431]" name="beforeClass" is-config="true" duration-ms="6603" started-at="2017-06-24T18:14:18Z" finished-at="2017-06-24T18:14:24Z">
          <reporter-output>
          </reporter-output>
        </test-method> <!-- beforeClass -->
        <test-method status="PASS" signature="testLogin()[pri:0, instance:com.mushishi.selenium.testCase.SuiteTestLogin@1794d431]" name="testLogin" duration-ms="6215" started-at="2017-06-24T18:14:24Z" finished-at="2017-06-24T18:14:31Z">
          <reporter-output>
          </reporter-output>
        </test-method> <!-- testLogin -->
        <test-method status="PASS" signature="afterClass()[pri:0, instance:com.mushishi.selenium.testCase.SuiteTestLogin@1794d431]" name="afterClass" is-config="true" duration-ms="201" started-at="2017-06-24T18:14:31Z" finished-at="2017-06-24T18:14:31Z">
          <reporter-output>
          </reporter-output>
        </test-method> <!-- afterClass -->
      </class> <!-- com.mushishi.selenium.testCase.SuiteTestLogin -->
    </test> <!-- Test1 -->
  </suite> <!-- Suite -->
</testng-results>
